<?xml version="1.0" encoding="UTF-8"?>
<testng-results ignored="0" total="1" passed="1" failed="0" skipped="0">
  <reporter-output>
  </reporter-output>
  <suite started-at="2021-03-11T12:14:34 IST" name="Default suite" finished-at="2021-03-11T12:15:01 IST" duration-ms="27592">
    <groups>
    </groups>
    <test started-at="2021-03-11T12:14:34 IST" name="Default test" finished-at="2021-03-11T12:15:01 IST" duration-ms="27592">
      <class name="testScripts.ContactTest">
        <test-method is-config="true" signature="setup()[pri:0, instance:testScripts.ContactTest@4a668b6e]" started-at="2021-03-11T12:14:34 IST" name="setup" finished-at="2021-03-11T12:14:57 IST" duration-ms="23116" status="PASS">
          <reporter-output>
          </reporter-output>
        </test-method> <!-- setup -->
        <test-method signature="newContactTest()[pri:0, instance:testScripts.ContactTest@4a668b6e]" started-at="2021-03-11T12:14:57 IST" name="newContactTest" finished-at="2021-03-11T12:15:01 IST" duration-ms="4427" status="PASS">
          <reporter-output>
          </reporter-output>
        </test-method> <!-- newContactTest -->
      </class> <!-- testScripts.ContactTest -->
    </test> <!-- Default test -->
  </suite> <!-- Default suite -->
</testng-results>
